
Showing logs for build [32mcb-kubecd-bdd-gh-1568545731-pr-1[0m stage [32mmeta-pipeline[0m and container [32mstep-credential-initializer-2lmdz[0m
{"level":"warn","ts":1568546197.0919478,"logger":"fallback-logger","caller":"logging/config.go:69","msg":"Fetch GitHub commit ID from kodata failed: \"ref: refs/heads/master\" is not a valid GitHub commit ID"}
{"level":"info","ts":1568546197.092699,"logger":"fallback-logger","caller":"creds-init/main.go:40","msg":"Credentials initialized."}

Showing logs for build [32mcb-kubecd-bdd-gh-1568545731-pr-1[0m stage [32mmeta-pipeline[0m and container [32mstep-working-dir-initializer-fflln[0m
{"level":"warn","ts":1568546197.914113,"logger":"fallback-logger","caller":"logging/config.go:69","msg":"Fetch GitHub commit ID from kodata failed: open /var/run/ko/HEAD: no such file or directory"}
{"level":"info","ts":1568546197.9154313,"logger":"fallback-logger","caller":"bash/main.go:65","msg":"Successfully executed command \"mkdir -p /workspace/source\""}

Showing logs for build [32mcb-kubecd-bdd-gh-1568545731-pr-1[0m stage [32mmeta-pipeline[0m and container [32mstep-place-tools[0m

Showing logs for build [32mcb-kubecd-bdd-gh-1568545731-pr-1[0m stage [32mmeta-pipeline[0m and container [32mstep-git-source-meta-cb-kubecd-bdd-gh-156854573-x6zsj[0m
{"level":"warn","ts":1568546203.984914,"logger":"fallback-logger","caller":"logging/config.go:69","msg":"Fetch GitHub commit ID from kodata failed: \"ref: refs/heads/master\" is not a valid GitHub commit ID"}
{"level":"info","ts":1568546205.056284,"logger":"fallback-logger","caller":"git/git.go:102","msg":"Successfully cloned https://github.com/cb-kubecd/bdd-gh-1568545731.git @ 2403b32d7feb5ebe44c952ccb68a2aa9a205cc45 in path /workspace/source"}

Showing logs for build [32mcb-kubecd-bdd-gh-1568545731-pr-1[0m stage [32mmeta-pipeline[0m and container [32mstep-git-merge[0m
Using SHAs from PULL_REFS=master:2403b32d7feb5ebe44c952ccb68a2aa9a205cc45,1:bb75d83e1d512d48302367ecf01e47143d41906f
DEBUG: ran git fetch --unshallow origin bb75d83e1d512d48302367ecf01e47143d41906f: 2403b32d7feb5ebe44c952ccb68a2aa9a205cc45: in 
DEBUG: ran git checkout master in 
DEBUG: ran git reset --hard 2403b32d7feb5ebe44c952ccb68a2aa9a205cc45 in 
DEBUG: ran clean --force -d . in 
DEBUG: ran git merge bb75d83e1d512d48302367ecf01e47143d41906f in 
Merged SHA bb75d83e1d512d48302367ecf01e47143d41906f with commit message 'My first PR commit' into base branch master

Showing logs for build [32mcb-kubecd-bdd-gh-1568545731-pr-1[0m stage [32mmeta-pipeline[0m and container [32mstep-merge-pull-refs[0m
DEBUG: ran git fetch origin bb75d83e1d512d48302367ecf01e47143d41906f: 2403b32d7feb5ebe44c952ccb68a2aa9a205cc45: in 
DEBUG: Unshallowed git repo in 
DEBUG: ran git checkout master in 
DEBUG: ran git reset --hard 2403b32d7feb5ebe44c952ccb68a2aa9a205cc45 in 
DEBUG: ran clean --force -d . in 
DEBUG: ran git merge bb75d83e1d512d48302367ecf01e47143d41906f in 
Merged SHA bb75d83e1d512d48302367ecf01e47143d41906f with commit message 'My first PR commit' into base branch master

Showing logs for build [32mcb-kubecd-bdd-gh-1568545731-pr-1[0m stage [32mmeta-pipeline[0m and container [32mstep-create-effective-pipeline[0m
Deleting and cloning the Jenkins X versions repo
Cloning the Jenkins X versions repo https://github.com/jenkins-x/jenkins-x-versions.git with ref refs/heads/master to /builder/home/.**/jenkins-x-versions
Effective pipeline written to jenkins-x-serverless-jenkins-effective.yml

Showing logs for build [32mcb-kubecd-bdd-gh-1568545731-pr-1[0m stage [32mmeta-pipeline[0m and container [32mstep-create-tekton-crds[0m
PipelineActivity for cb-kubecd-bdd-gh-1568545731-PR-1-1
Applying changes 
upserted PipelineResource cb-kubecd-bdd-gh-1568545731-pr for the git repository https://github.com/cb-kubecd/bdd-gh-1568545731.git
upserted Task cb-kubecd-bdd-gh-1568545731-pr-from-build-pack-1
upserted Pipeline cb-kubecd-bdd-gh-1568545731-pr-1
created PipelineRun cb-kubecd-bdd-gh-1568545731-pr-1
created PipelineStructure cb-kubecd-bdd-gh-1568545731-pr-1

Showing logs for build [32mcb-kubecd-bdd-gh-1568545731-pr-1[0m stage [32mfrom-build-pack[0m and container [32mstep-credential-initializer-q52kc[0m
{"level":"warn","ts":1568546217.2356434,"logger":"fallback-logger","caller":"logging/config.go:69","msg":"Fetch GitHub commit ID from kodata failed: \"ref: refs/heads/master\" is not a valid GitHub commit ID"}
{"level":"info","ts":1568546217.2360141,"logger":"fallback-logger","caller":"creds-init/main.go:40","msg":"Credentials initialized."}

Showing logs for build [32mcb-kubecd-bdd-gh-1568545731-pr-1[0m stage [32mfrom-build-pack[0m and container [32mstep-working-dir-initializer-92l4r[0m
{"level":"warn","ts":1568546218.0998988,"logger":"fallback-logger","caller":"logging/config.go:69","msg":"Fetch GitHub commit ID from kodata failed: open /var/run/ko/HEAD: no such file or directory"}
{"level":"info","ts":1568546218.102523,"logger":"fallback-logger","caller":"bash/main.go:65","msg":"Successfully executed command \"mkdir -p /workspace/source /workspace/source/charts/preview\""}

Showing logs for build [32mcb-kubecd-bdd-gh-1568545731-pr-1[0m stage [32mfrom-build-pack[0m and container [32mstep-place-tools[0m

Showing logs for build [32mcb-kubecd-bdd-gh-1568545731-pr-1[0m stage [32mfrom-build-pack[0m and container [32mstep-git-source-cb-kubecd-bdd-gh-1568545731-pr-txvlh[0m
{"level":"warn","ts":1568546283.250001,"logger":"fallback-logger","caller":"logging/config.go:69","msg":"Fetch GitHub commit ID from kodata failed: \"ref: refs/heads/master\" is not a valid GitHub commit ID"}
{"level":"info","ts":1568546284.4175112,"logger":"fallback-logger","caller":"git/git.go:102","msg":"Successfully cloned https://github.com/cb-kubecd/bdd-gh-1568545731.git @ master in path /workspace/source"}

Showing logs for build [32mcb-kubecd-bdd-gh-1568545731-pr-1[0m stage [32mfrom-build-pack[0m and container [32mstep-git-merge[0m
Using SHAs from PULL_REFS=master:2403b32d7feb5ebe44c952ccb68a2aa9a205cc45,1:bb75d83e1d512d48302367ecf01e47143d41906f
DEBUG: ran git fetch --unshallow origin bb75d83e1d512d48302367ecf01e47143d41906f: 2403b32d7feb5ebe44c952ccb68a2aa9a205cc45: in 
DEBUG: ran git checkout master in 
DEBUG: ran git reset --hard 2403b32d7feb5ebe44c952ccb68a2aa9a205cc45 in 
DEBUG: ran clean --force -d . in 
DEBUG: ran git merge bb75d83e1d512d48302367ecf01e47143d41906f in 
Merged SHA bb75d83e1d512d48302367ecf01e47143d41906f with commit message 'My first PR commit' into base branch master

Showing logs for build [32mcb-kubecd-bdd-gh-1568545731-pr-1[0m stage [32mfrom-build-pack[0m and container [32mstep-build-make-linux[0m
CGO_ENABLED=0 GOOS=linux GOARCH=amd64 GO15VENDOREXPERIMENT=1 go build -ldflags '' -o bin/bdd-gh-1568545731 main.go

Showing logs for build [32mcb-kubecd-bdd-gh-1568545731-pr-1[0m stage [32mfrom-build-pack[0m and container [32mstep-build-container-build[0m
[36mINFO[0m[0000] No base image, nothing to extract            
[36mINFO[0m[0000] cmd: EXPOSE                                  
[36mINFO[0m[0000] Adding exposed port: 8080/tcp                
[36mINFO[0m[0000] Using files from context: [/workspace/source/bin] 
[36mINFO[0m[0000] Skipping unpacking as no commands require it. 
[36mINFO[0m[0000] Taking snapshot of full filesystem...        
[36mINFO[0m[0000] EXPOSE 8080                                  
[36mINFO[0m[0000] cmd: EXPOSE                                  
[36mINFO[0m[0000] Adding exposed port: 8080/tcp                
[36mINFO[0m[0000] No files changed in this command, skipping snapshotting. 
[36mINFO[0m[0000] ENTRYPOINT ["/bdd-gh-1568545731"]            
[36mINFO[0m[0000] No files changed in this command, skipping snapshotting. 
[36mINFO[0m[0000] Using files from context: [/workspace/source/bin] 
[36mINFO[0m[0000] COPY ./bin/ /                                
[36mINFO[0m[0000] Taking snapshot of files...                  
2019/09/15 11:18:18 pushed blob: sha256:03b53120181f1b61df06987e3aa0bfeae73819010d7e4f4676a9de7dd23c735c
2019/09/15 11:18:19 pushed blob: sha256:34698d7ecfd362332e1b8cb9b2916f4fa3a7a1aa637ba7907ae0ce838ae2b96e
2019/09/15 11:18:21 gcr.io/jenkins-x-bdd3/bdd-gh-1568545731:0.0.0-SNAPSHOT-PR-1-1: digest: sha256:818300198f575c1efcd030f6dedde2be9e34b1056109d56c2a79715bf6c6def8 size: 428

Showing logs for build [32mcb-kubecd-bdd-gh-1568545731-pr-1[0m stage [32mfrom-build-pack[0m and container [32mstep-postbuild-post-build[0m
no CVE provider running in the current ** namespace so skip adding image to be analysed

Showing logs for build [32mcb-kubecd-bdd-gh-1568545731-pr-1[0m stage [32mfrom-build-pack[0m and container [32mstep-promote-make-preview[0m
sed -i -e "s/version:.*/version: 0.0.0-SNAPSHOT-PR-1-1/" Chart.yaml
sed -i -e "s/version:.*/version: 0.0.0-SNAPSHOT-PR-1-1/" ../*/Chart.yaml
sed -i -e "s|repository:.*|repository: gcr.io\/jenkins-x-bdd3\/bdd-gh-1568545731|" values.yaml
sed -i -e "s/tag:.*/tag: 0.0.0-SNAPSHOT-PR-1-1/" values.yaml
echo "  version: 0.0.0-SNAPSHOT-PR-1-1" >> requirements.yaml
** step helm build
WARNING: No $CHART_REPOSITORY defined so using the default value of: http://jenkins-x-chartmuseum:8080
Adding missing Helm repo: storage.googleapis.com https://storage.googleapis.com/chartmuseum.jenkins-x.io
Successfully added Helm repository storage.googleapis.com.
Adding missing Helm repo: jenkins-x-chartmuseum http://jenkins-x-chartmuseum:8080
Successfully added Helm repository jenkins-x-chartmuseum.
WARNING: No $CHART_REPOSITORY defined so using the default value of: http://jenkins-x-chartmuseum:8080
Adding missing Helm repo: chartmuseum.jenkins-x.io http://chartmuseum.jenkins-x.io
Successfully added Helm repository chartmuseum.jenkins-x.io.

Showing logs for build [32mcb-kubecd-bdd-gh-1568545731-pr-1[0m stage [32mfrom-build-pack[0m and container [32mstep-promote-jx-preview[0m
Creating a preview
WARNING: No author for commit: bb75d83e1d512d48302367ecf01e47143d41906f
Created environment cb-kubecd-bdd-gh-1568545731-pr-1
Namespace **-cb-kubecd-bdd-gh-1568545731-pr-1 created 
expose:
  Annotations:
    helm.sh/hook: post-install,post-upgrade
    helm.sh/hook-delete-policy: hook-succeeded
  config:
    domain: 34.76.34.52.nip.io
    exposer: Ingress
    http: "true"
preview:
  image:
    repository: gcr.io/jenkins-x-bdd3/bdd-gh-1568545731
    tag: 0.0.0-SNAPSHOT-PR-1-1
Deleting and cloning the Jenkins X versions repo
Cloning the Jenkins X versions repo https://github.com/jenkins-x/jenkins-x-versions.git with ref refs/heads/master to /builder/home/.**/jenkins-x-versions


Updating PipelineActivities cb-kubecd-bdd-gh-1568545731-pr-1-1 which has status Running
Preview application is now available at: http://bdd-gh-1568545731.**-cb-kubecd-bdd-gh-1568545731-pr-1.34.76.34.52.nip.io
